<?xml version="1.0" encoding="UTF-8"?>
<!-- Generated by org.testng.reporters.JUnitXMLReporter -->
<testsuite ignored="0" hostname="LAPTOP-28JUCBPA" failures="2" tests="5" name="FinalStableTest" time="161.537" errors="0" timestamp="2026-04-21T16:09:55 IST">
  <testcase classname="tests.LoginTest" name="testValidLogin" time="7.113">
    <failure type="java.lang.AssertionError" message="Login failed! Dashboard not reached. expected [true] but found [false]">
      <![CDATA[java.lang.AssertionError: Login failed! Dashboard not reached. expected [true] but found [false]
at tests.LoginTest.testValidLogin(LoginTest.java:23)
at java.base/java.util.ArrayList.forEach(ArrayList.java:1511)
... Removed 30 stack frames]]>
    </failure>
  </testcase> <!-- testValidLogin -->
  <testcase classname="tests.LoginTest" name="testInvalidLogin" time="28.368"/>
  <testcase classname="tests.LoginTest" name="testEmptyLogin" time="5.567"/>
  <testcase classname="tests.EmployeeTest" name="testAddEmployeeWithFullDetails" time="35.283">
    <failure type="org.openqa.selenium.ElementClickInterceptedException" message="element click intercepted: Element &amp;lt;span data-v-8e4757dc=&amp;quot;&amp;quot; class=&amp;quot;oxd-switch-input oxd-switch-input--active --label-right&amp;quot;&amp;gt;&amp;lt;/span&amp;gt; is not clickable at point (842, 435). Other element would receive the click: &amp;lt;div data-v-d5bfe35b=&amp;quot;&amp;quot; class=&amp;quot;oxd-form-loader&amp;quot;&amp;gt;...&amp;lt;/div&amp;gt;
  (Session info: chrome=147.0.7727.102)
Build info: version: &amp;apos;4.18.1&amp;apos;, revision: &amp;apos;b1d3319b48&amp;apos;
System info: os.name: &amp;apos;Windows 11&amp;apos;, os.arch: &amp;apos;amd64&amp;apos;, os.version: &amp;apos;10.0&amp;apos;, java.version: &amp;apos;17.0.17&amp;apos;
Driver info: org.openqa.selenium.chrome.ChromeDriver
Command: [d2928927e70dfd8b5b6e2f94f5424c47, clickElement {id=f.8FA9571629AE2E4B4F5ABC44247DFDB4.d.19C46DD17D59FE2F867EB282253D78B2.e.180}]
Capabilities {acceptInsecureCerts: false, browserName: chrome, browserVersion: 147.0.7727.102, chrome: {chromedriverVersion: 147.0.7727.57 (b4f28b5637d0..., userDataDir: C:\Users\PUSHAD~1\AppData\L...}, fedcm:accounts: true, goog:chromeOptions: {debuggerAddress: localhost:57791}, goog:processID: 28392, networkConnectionEnabled: false, pageLoadStrategy: normal, platformName: windows, proxy: Proxy(), se:cdp: ws://localhost:57791/devtoo..., se:cdpVersion: 147.0.7727.102, setWindowRect: true, strictFileInteractability: false, timeouts: {implicit: 0, pageLoad: 300000, script: 30000}, unhandledPromptBehavior: dismiss and notify, webauthn:extension:credBlob: true, webauthn:extension:largeBlob: true, webauthn:extension:minPinLength: true, webauthn:extension:prf: true, webauthn:virtualAuthenticators: true}
Element: [[ChromeDriver: chrome on windows (d2928927e70dfd8b5b6e2f94f5424c47)] -&amp;gt; xpath: //span[contains(@class, &amp;apos;oxd-switch-input&amp;apos;)]]
Session ID: d2928927e70dfd8b5b6e2f94f5424c47">
      <![CDATA[org.openqa.selenium.ElementClickInterceptedException: element click intercepted: Element <span data-v-8e4757dc="" class="oxd-switch-input oxd-switch-input--active --label-right"></span> is not clickable at point (842, 435). Other element would receive the click: <div data-v-d5bfe35b="" class="oxd-form-loader">...</div>
  (Session info: chrome=147.0.7727.102)
Build info: version: '4.18.1', revision: 'b1d3319b48'
System info: os.name: 'Windows 11', os.arch: 'amd64', os.version: '10.0', java.version: '17.0.17'
Driver info: org.openqa.selenium.chrome.ChromeDriver
Command: [d2928927e70dfd8b5b6e2f94f5424c47, clickElement {id=f.8FA9571629AE2E4B4F5ABC44247DFDB4.d.19C46DD17D59FE2F867EB282253D78B2.e.180}]
Capabilities {acceptInsecureCerts: false, browserName: chrome, browserVersion: 147.0.7727.102, chrome: {chromedriverVersion: 147.0.7727.57 (b4f28b5637d0..., userDataDir: C:\Users\PUSHAD~1\AppData\L...}, fedcm:accounts: true, goog:chromeOptions: {debuggerAddress: localhost:57791}, goog:processID: 28392, networkConnectionEnabled: false, pageLoadStrategy: normal, platformName: windows, proxy: Proxy(), se:cdp: ws://localhost:57791/devtoo..., se:cdpVersion: 147.0.7727.102, setWindowRect: true, strictFileInteractability: false, timeouts: {implicit: 0, pageLoad: 300000, script: 30000}, unhandledPromptBehavior: dismiss and notify, webauthn:extension:credBlob: true, webauthn:extension:largeBlob: true, webauthn:extension:minPinLength: true, webauthn:extension:prf: true, webauthn:virtualAuthenticators: true}
Element: [[ChromeDriver: chrome on windows (d2928927e70dfd8b5b6e2f94f5424c47)] -> xpath: //span[contains(@class, 'oxd-switch-input')]]
Session ID: d2928927e70dfd8b5b6e2f94f5424c47
at org.openqa.selenium.remote.ErrorCodec.decode(ErrorCodec.java:167)
at org.openqa.selenium.remote.codec.w3c.W3CHttpResponseCodec.decode(W3CHttpResponseCodec.java:138)
at org.openqa.selenium.remote.codec.w3c.W3CHttpResponseCodec.decode(W3CHttpResponseCodec.java:50)
at org.openqa.selenium.remote.HttpCommandExecutor.execute(HttpCommandExecutor.java:190)
at org.openqa.selenium.remote.service.DriverCommandExecutor.invokeExecute(DriverCommandExecutor.java:216)
at org.openqa.selenium.remote.service.DriverCommandExecutor.execute(DriverCommandExecutor.java:174)
at org.openqa.selenium.remote.RemoteWebDriver.execute(RemoteWebDriver.java:519)
at org.openqa.selenium.remote.RemoteWebElement.execute(RemoteWebElement.java:223)
at org.openqa.selenium.remote.RemoteWebElement.click(RemoteWebElement.java:76)
at base.BasePage.click(BasePage.java:23)
at pages.EmployeePage.fillFullEmployeeDetails(EmployeePage.java:36)
at tests.EmployeeTest.testAddEmployeeWithFullDetails(EmployeeTest.java:24)
at java.base/java.util.ArrayList.forEach(ArrayList.java:1511)
... Removed 32 stack frames]]>
    </failure>
  </testcase> <!-- testAddEmployeeWithFullDetails -->
  <testcase classname="tests.AdminTest" name="testAdminUserRoleCreation" time="25.717"/>
</testsuite> <!-- FinalStableTest -->
